Performing C++ SOURCE FILE Test CMAKE_HAVE_LIBC_PTHREAD failed with the following output:
Change Dir: /home/_3m1s4r10/Documents/Proyectos/CPP_Doxygen/QT_Example/build-QT_Example-Desktop-Debug/CMakeFiles/CMakeTmp

Run Build Command(s):/usr/bin/ninja cmTC_2d498 && [1/2] Building CXX object CMakeFiles/cmTC_2d498.dir/src.cxx.o
[2/2] Linking CXX executable cmTC_2d498
FAILED: cmTC_2d498 
: && /usr/lib/ccache/bin/g++   CMakeFiles/cmTC_2d498.dir/src.cxx.o -o cmTC_2d498   && :
/usr/bin/ld: CMakeFiles/cmTC_2d498.dir/src.cxx.o: in function `main':
src.cxx:(.text+0x3e): undefined reference to `pthread_create'
/usr/bin/ld: src.cxx:(.text+0x4a): undefined reference to `pthread_detach'
/usr/bin/ld: src.cxx:(.text+0x56): undefined reference to `pthread_cancel'
/usr/bin/ld: src.cxx:(.text+0x67): undefined reference to `pthread_join'
collect2: error: ld returned 1 exit status
ninja: build stopped: subcommand failed.


Source file was:
#include <pthread.h>

static void* test_func(void* data)
{
  return data;
}

int main(void)
{
  pthread_t thread;
  pthread_create(&thread, NULL, test_func, NULL);
  pthread_detach(thread);
  pthread_cancel(thread);
  pthread_join(thread, NULL);
  pthread_atfork(NULL, NULL, NULL);
  pthread_exit(NULL);

  return 0;
}

